<?xml version="1.0" encoding="UTF-8"?>
<testsuite xmlns:xsi="http://www.w3.org/2001/XMLSchema-instance" xsi:noNamespaceSchemaLocation="https://maven.apache.org/surefire/maven-surefire-plugin/xsd/surefire-test-report.xsd" name="iceriver.CalculatorTest" time="0.028" tests="1" errors="0" skipped="0" failures="0">
  <properties>
    <property name="java.specification.version" value="18"/>
    <property name="sun.cpu.isalist" value="amd64"/>
    <property name="sun.jnu.encoding" value="GBK"/>
    <property name="java.class.path" value="D:\实践练习\08.Maven\pro02-maven-web\target\test-classes;D:\实践练习\08.Maven\pro02-maven-web\target\classes;D:\maven-repository\junit\junit\4.11\junit-4.11.jar;D:\maven-repository\org\hamcrest\hamcrest-core\1.3\hamcrest-core-1.3.jar;D:\maven-repository\javax\servlet\javax.servlet-api\3.1.0\javax.servlet-api-3.1.0.jar;D:\maven-repository\iceriver\maventest\pro01-maven\1.0-SNAPSHOT\pro01-maven-1.0-SNAPSHOT.jar;"/>
    <property name="java.vm.vendor" value="Oracle Corporation"/>
    <property name="sun.arch.data.model" value="64"/>
    <property name="user.variant" value=""/>
    <property name="java.vendor.url" value="https://java.oracle.com/"/>
    <property name="user.timezone" value="Asia/Shanghai"/>
    <property name="os.name" value="Windows 11"/>
    <property name="java.vm.specification.version" value="18"/>
    <property name="sun.java.launcher" value="SUN_STANDARD"/>
    <property name="user.country" value="CN"/>
    <property name="sun.boot.library.path" value="D:\Apps\Java\JDK18\bin"/>
    <property name="sun.java.command" value="C:\Users\iceri\AppData\Local\Temp\surefire5978395767519557900\surefirebooter1066704097008001275.jar C:\Users\iceri\AppData\Local\Temp\surefire5978395767519557900 2022-07-10T17-37-24_812-jvmRun1 surefire14023053608927181739tmp surefire_03119794345300930906tmp"/>
    <property name="jdk.debug" value="release"/>
    <property name="surefire.test.class.path" value="D:\实践练习\08.Maven\pro02-maven-web\target\test-classes;D:\实践练习\08.Maven\pro02-maven-web\target\classes;D:\maven-repository\junit\junit\4.11\junit-4.11.jar;D:\maven-repository\org\hamcrest\hamcrest-core\1.3\hamcrest-core-1.3.jar;D:\maven-repository\javax\servlet\javax.servlet-api\3.1.0\javax.servlet-api-3.1.0.jar;D:\maven-repository\iceriver\maventest\pro01-maven\1.0-SNAPSHOT\pro01-maven-1.0-SNAPSHOT.jar;"/>
    <property name="sun.cpu.endian" value="little"/>
    <property name="user.home" value="C:\Users\iceri"/>
    <property name="user.language" value="zh"/>
    <property name="java.specification.vendor" value="Oracle Corporation"/>
    <property name="java.version.date" value="2022-04-22"/>
    <property name="java.home" value="D:\Apps\Java\JDK18"/>
    <property name="file.separator" value="\"/>
    <property name="basedir" value="D:\实践练习\08.Maven\pro02-maven-web"/>
    <property name="java.vm.compressedOopsMode" value="Zero based"/>
    <property name="line.separator" value="&#10;"/>
    <property name="java.vm.specification.vendor" value="Oracle Corporation"/>
    <property name="java.specification.name" value="Java Platform API Specification"/>
    <property name="surefire.real.class.path" value="C:\Users\iceri\AppData\Local\Temp\surefire5978395767519557900\surefirebooter1066704097008001275.jar"/>
    <property name="user.script" value=""/>
    <property name="sun.management.compiler" value="HotSpot 64-Bit Tiered Compilers"/>
    <property name="java.runtime.version" value="18.0.1.1+2-6"/>
    <property name="user.name" value="iceri"/>
    <property name="path.separator" value=";"/>
    <property name="os.version" value="10.0"/>
    <property name="java.runtime.name" value="Java(TM) SE Runtime Environment"/>
    <property name="file.encoding" value="UTF-8"/>
    <property name="java.vm.name" value="Java HotSpot(TM) 64-Bit Server VM"/>
    <property name="localRepository" value="D:\maven-repository"/>
    <property name="java.vendor.url.bug" value="https://bugreport.java.com/bugreport/"/>
    <property name="java.io.tmpdir" value="C:\Users\iceri\AppData\Local\Temp\"/>
    <property name="java.version" value="18.0.1.1"/>
    <property name="user.dir" value="D:\实践练习\08.Maven\pro02-maven-web"/>
    <property name="os.arch" value="amd64"/>
    <property name="java.vm.specification.name" value="Java Virtual Machine Specification"/>
    <property name="sun.os.patch.level" value=""/>
    <property name="native.encoding" value="GBK"/>
    <property name="java.library.path" value="D:\Apps\Java\JDK18\bin;C:\Windows\Sun\Java\bin;C:\Windows\system32;C:\Windows;C:\Program Files (x86)\Common Files\Oracle\Java\javapath;C:\Program Files\Common Files\Oracle\Java\javapath;C:\Windows\system32;C:\Windows;C:\Windows\System32\Wbem;C:\Windows\System32\WindowsPowerShell\v1.0\;C:\Windows\System32\OpenSSH\;C:\Program Files\dotnet\;D:\Apps\MySQL\MySQL Server 8.0.29\bin;D:\Apps\Node.js\;&quot;D:\Apps\Java\JDK18\bin;&quot;;&quot;D:\Apps\Java\JDK18\jre\bin;&quot;;D:\Apps\apache-maven-3.8.6\bin;D:\Apps\Python\Python3\Scripts\;D:\Apps\Python\Python3\;C:\Users\iceri\AppData\Local\Microsoft\WindowsApps;D:\Apps\IntelliJ IDEA 2022.1.1\bin;D:\Apps\Microsoft VS Code\bin;D:\Apps\Markdown Monster;D:\Apps\IntelliJ IDEA 2022.1.3\bin;;C:\Users\iceri\AppData\Roaming\npm;."/>
    <property name="java.vm.info" value="mixed mode, sharing"/>
    <property name="java.vendor" value="Oracle Corporation"/>
    <property name="java.vm.version" value="18.0.1.1+2-6"/>
    <property name="sun.io.unicode.encoding" value="UnicodeLittle"/>
    <property name="java.class.version" value="62.0"/>
  </properties>
  <testcase name="testSum" classname="iceriver.CalculatorTest" time="0.002"/>
</testsuite>